<?xml version="1.0" encoding="UTF-8"?>
<!-- Generated by org.testng.reporters.JUnitReportReporter -->
<testsuite hostname="DESKTOP-QU4N233" failures="0" tests="1" name="demogithub.Demogit" time="0.047" errors="0" timestamp="2022-01-24T17:15:26 IST" skipped="0">
  <testcase classname="demogithub.Demogit" name="demogit" time="0.047"/>
  <system-out/>
</testsuite> <!-- demogithub.Demogit -->
